<?xml version="1.0" encoding="UTF-8"?>
<!-- Generated by org.testng.reporters.JUnitXMLReporter -->
<testsuite ignored="0" hostname="BHLP-TU1-3751" failures="1" tests="4" name="Default test" time="0.117" errors="0" timestamp="2022-12-29T22:16:09 IST">
  <testcase classname="Hoxton.UserMangement" name="@BeforeMethod Login" time="-1.672332369405E9">
    <failure type="org.testng.TestNGException" message="
Parameter &amp;apos;URL&amp;apos; is required by BeforeMethod on method Login but has not been marked @Optional or defined
in C:\Users\Ayaz.Ahamad\AppData\Local\Temp\testng-eclipse--611161248\testng-customsuite.xml">
      <![CDATA[org.testng.TestNGException: 
Parameter 'URL' is required by BeforeMethod on method Login but has not been marked @Optional or defined
in C:\Users\Ayaz.Ahamad\AppData\Local\Temp\testng-eclipse--611161248\testng-customsuite.xml
at org.testng.internal.Parameters.createParams(Parameters.java:270)
at org.testng.internal.Parameters.createParametersForMethod(Parameters.java:358)
at org.testng.internal.Parameters.createParameters(Parameters.java:700)
at org.testng.internal.Parameters.createConfigurationParameters(Parameters.java:168)
at org.testng.internal.ConfigInvoker.invokeConfigurations(ConfigInvoker.java:302)
at org.testng.internal.TestInvoker.runConfigMethods(TestInvoker.java:700)
at org.testng.internal.TestInvoker.invokeMethod(TestInvoker.java:527)
at org.testng.internal.TestInvoker.invokeTestMethod(TestInvoker.java:173)
at org.testng.internal.MethodRunner.runInSequence(MethodRunner.java:46)
at org.testng.internal.TestInvoker$MethodInvocationAgent.invoke(TestInvoker.java:824)
at org.testng.internal.TestInvoker.invokeTestMethods(TestInvoker.java:146)
at org.testng.internal.TestMethodWorker.invokeTestMethods(TestMethodWorker.java:146)
at org.testng.internal.TestMethodWorker.run(TestMethodWorker.java:128)
at java.base/java.util.ArrayList.forEach(ArrayList.java:1511)
at org.testng.TestRunner.privateRun(TestRunner.java:794)
at org.testng.TestRunner.run(TestRunner.java:596)
at org.testng.SuiteRunner.runTest(SuiteRunner.java:377)
at org.testng.SuiteRunner.runSequentially(SuiteRunner.java:371)
at org.testng.SuiteRunner.privateRun(SuiteRunner.java:332)
at org.testng.SuiteRunner.run(SuiteRunner.java:276)
at org.testng.SuiteRunnerWorker.runSuite(SuiteRunnerWorker.java:53)
at org.testng.SuiteRunnerWorker.run(SuiteRunnerWorker.java:96)
at org.testng.TestNG.runSuitesSequentially(TestNG.java:1212)
at org.testng.TestNG.runSuitesLocally(TestNG.java:1134)
at org.testng.TestNG.runSuites(TestNG.java:1063)
at org.testng.TestNG.run(TestNG.java:1031)
at org.testng.remote.AbstractRemoteTestNG.run(AbstractRemoteTestNG.java:115)
at org.testng.remote.RemoteTestNG.initAndRun(RemoteTestNG.java:251)
at org.testng.remote.RemoteTestNG.main(RemoteTestNG.java:77)
]]>
    </failure>
  </testcase> <!-- @BeforeMethod Login -->
  <testcase classname="Hoxton.UserMangement" name="@AfterMethod close" time="-1.672332369429E9">
    <skipped/>
  </testcase> <!-- @AfterMethod close -->
  <testcase classname="Hoxton.UserMangement" name="@BeforeMethod Login" time="-1.672332369431E9">
    <skipped/>
  </testcase> <!-- @BeforeMethod Login -->
  <testcase classname="Hoxton.UserMangement" name="@AfterMethod close" time="-1.67233236944E9">
    <skipped/>
  </testcase> <!-- @AfterMethod close -->
  <testcase classname="Hoxton.UserMangement" name="@BeforeMethod Login" time="-1.672332369443E9">
    <skipped/>
  </testcase> <!-- @BeforeMethod Login -->
  <testcase classname="Hoxton.UserMangement" name="@AfterMethod close" time="-1.672332369451E9">
    <skipped/>
  </testcase> <!-- @AfterMethod close -->
  <testcase classname="Hoxton.UserMangement" name="AddnewUser" time="0.0">
    <failure type="org.testng.TestNGException" message="
Parameter &amp;apos;Brokeremail&amp;apos; is required by @Test on method AddnewUser but has not been marked @Optional or defined
in C:\Users\Ayaz.Ahamad\AppData\Local\Temp\testng-eclipse--611161248\testng-customsuite.xml">
      <![CDATA[org.testng.TestNGException: 
Parameter 'Brokeremail' is required by @Test on method AddnewUser but has not been marked @Optional or defined
in C:\Users\Ayaz.Ahamad\AppData\Local\Temp\testng-eclipse--611161248\testng-customsuite.xml
at org.testng.internal.Parameters.createParams(Parameters.java:270)
at org.testng.internal.Parameters.createParametersForMethod(Parameters.java:358)
at org.testng.internal.Parameters.createParameters(Parameters.java:700)
at org.testng.internal.Parameters.handleParameters(Parameters.java:884)
at org.testng.internal.Parameters.handleParameters(Parameters.java:740)
at org.testng.internal.ParameterHandler.handleParameters(ParameterHandler.java:59)
at org.testng.internal.ParameterHandler.createParameters(ParameterHandler.java:38)
at org.testng.internal.TestInvoker$MethodInvocationAgent.invoke(TestInvoker.java:791)
at org.testng.internal.TestInvoker.invokeTestMethods(TestInvoker.java:146)
at org.testng.internal.TestMethodWorker.invokeTestMethods(TestMethodWorker.java:146)
at org.testng.internal.TestMethodWorker.run(TestMethodWorker.java:128)
at java.base/java.util.ArrayList.forEach(ArrayList.java:1511)
at org.testng.TestRunner.privateRun(TestRunner.java:794)
at org.testng.TestRunner.run(TestRunner.java:596)
at org.testng.SuiteRunner.runTest(SuiteRunner.java:377)
at org.testng.SuiteRunner.runSequentially(SuiteRunner.java:371)
at org.testng.SuiteRunner.privateRun(SuiteRunner.java:332)
at org.testng.SuiteRunner.run(SuiteRunner.java:276)
at org.testng.SuiteRunnerWorker.runSuite(SuiteRunnerWorker.java:53)
at org.testng.SuiteRunnerWorker.run(SuiteRunnerWorker.java:96)
at org.testng.TestNG.runSuitesSequentially(TestNG.java:1212)
at org.testng.TestNG.runSuitesLocally(TestNG.java:1134)
at org.testng.TestNG.runSuites(TestNG.java:1063)
at org.testng.TestNG.run(TestNG.java:1031)
at org.testng.remote.AbstractRemoteTestNG.run(AbstractRemoteTestNG.java:115)
at org.testng.remote.RemoteTestNG.initAndRun(RemoteTestNG.java:251)
at org.testng.remote.RemoteTestNG.main(RemoteTestNG.java:77)
]]>
    </failure>
  </testcase> <!-- AddnewUser -->
  <testcase classname="Hoxton.UserMangement" name="SearchUserByUserID" time="0.0">
    <skipped/>
  </testcase> <!-- SearchUserByUserID -->
  <testcase classname="Hoxton.UserMangement" name="SearchUserByUserFitstname" time="0.0">
    <skipped/>
  </testcase> <!-- SearchUserByUserFitstname -->
  <testcase classname="Hoxton.UserMangement" name="Gdpr" time="0.0">
    <skipped/>
  </testcase> <!-- Gdpr -->
</testsuite> <!-- Default test -->
